[0.772s] DEBUG:colcon:Command line arguments: ['/usr/bin/colcon', 'list', '-p', '--base-paths', '/home/mbosco/Sources/KiCAD/uamp/UAMP-KiCAD-Plugins']
[0.772s] DEBUG:colcon:Parsed command line arguments: Namespace(base_paths=['/home/mbosco/Sources/KiCAD/uamp/UAMP-KiCAD-Plugins'], build_base='build', ignore_user_meta=False, log_base=None, log_level=None, main=<bound method ListVerb.main of <colcon_package_information.verb.list.ListVerb object at 0x7f782043ac70>>, metas=['./colcon.meta'], names_only=False, packages_above=None, packages_above_and_dependencies=None, packages_above_depth=None, packages_end=None, packages_ignore=None, packages_ignore_regex=None, packages_select=None, packages_select_build_failed=False, packages_select_by_dep=None, packages_select_regex=None, packages_select_test_failures=False, packages_skip=None, packages_skip_build_finished=False, packages_skip_by_dep=None, packages_skip_regex=None, packages_skip_test_passed=False, packages_skip_up_to=None, packages_start=None, packages_up_to=None, packages_up_to_regex=None, paths=None, paths_only=True, topological_graph=False, topological_graph_density=False, topological_graph_dot=False, topological_graph_dot_cluster=False, topological_graph_dot_include_skipped=False, topological_graph_legend=False, topological_order=False, verb_extension=<colcon_package_information.verb.list.ListVerb object at 0x7f782043ac70>, verb_name='list', verb_parser=<colcon_defaults.argument_parser.defaults.DefaultArgumentsDecorator object at 0x7f7820347b50>)
[0.863s] Level 1:colcon.colcon_core.package_discovery:discover_packages(colcon_meta) check parameters
[0.863s] Level 1:colcon.colcon_core.package_discovery:discover_packages(recursive) check parameters
[0.863s] Level 1:colcon.colcon_core.package_discovery:discover_packages(ignore) check parameters
[0.865s] Level 1:colcon.colcon_core.package_discovery:discover_packages(path) check parameters
[0.865s] Level 1:colcon.colcon_core.package_discovery:discover_packages(recursive) discover
[0.865s] INFO:colcon.colcon_core.package_discovery:Crawling recursively for packages in '/home/mbosco/Sources/KiCAD/uamp/UAMP-KiCAD-Plugins'
[0.865s] Level 1:colcon.colcon_core.package_identification:_identify(/home/mbosco/Sources/KiCAD/uamp/UAMP-KiCAD-Plugins) by extensions ['ignore', 'ignore_ament_install']
[0.866s] Level 1:colcon.colcon_core.package_identification:_identify(/home/mbosco/Sources/KiCAD/uamp/UAMP-KiCAD-Plugins) by extension 'ignore'
[0.866s] Level 1:colcon.colcon_core.package_identification:_identify(/home/mbosco/Sources/KiCAD/uamp/UAMP-KiCAD-Plugins) by extension 'ignore_ament_install'
[0.866s] Level 1:colcon.colcon_core.package_identification:_identify(/home/mbosco/Sources/KiCAD/uamp/UAMP-KiCAD-Plugins) by extensions ['colcon_pkg']
[0.866s] Level 1:colcon.colcon_core.package_identification:_identify(/home/mbosco/Sources/KiCAD/uamp/UAMP-KiCAD-Plugins) by extension 'colcon_pkg'
[0.866s] Level 1:colcon.colcon_core.package_identification:_identify(/home/mbosco/Sources/KiCAD/uamp/UAMP-KiCAD-Plugins) by extensions ['colcon_meta']
[0.866s] Level 1:colcon.colcon_core.package_identification:_identify(/home/mbosco/Sources/KiCAD/uamp/UAMP-KiCAD-Plugins) by extension 'colcon_meta'
[0.867s] Level 1:colcon.colcon_core.package_identification:_identify(/home/mbosco/Sources/KiCAD/uamp/UAMP-KiCAD-Plugins) by extensions ['ros']
[0.867s] Level 1:colcon.colcon_core.package_identification:_identify(/home/mbosco/Sources/KiCAD/uamp/UAMP-KiCAD-Plugins) by extension 'ros'
[0.895s] Level 1:colcon.colcon_core.package_identification:_identify(/home/mbosco/Sources/KiCAD/uamp/UAMP-KiCAD-Plugins) by extensions ['cmake', 'python']
[0.895s] Level 1:colcon.colcon_core.package_identification:_identify(/home/mbosco/Sources/KiCAD/uamp/UAMP-KiCAD-Plugins) by extension 'cmake'
[0.895s] Level 1:colcon.colcon_core.package_identification:_identify(/home/mbosco/Sources/KiCAD/uamp/UAMP-KiCAD-Plugins) by extension 'python'
[0.895s] Level 1:colcon.colcon_core.package_identification:_identify(/home/mbosco/Sources/KiCAD/uamp/UAMP-KiCAD-Plugins) by extensions ['python_setup_py']
[0.895s] Level 1:colcon.colcon_core.package_identification:_identify(/home/mbosco/Sources/KiCAD/uamp/UAMP-KiCAD-Plugins) by extension 'python_setup_py'
[0.895s] Level 1:colcon.colcon_core.package_identification:_identify(/home/mbosco/Sources/KiCAD/uamp/UAMP-KiCAD-Plugins/log) by extensions ['ignore', 'ignore_ament_install']
[0.895s] Level 1:colcon.colcon_core.package_identification:_identify(/home/mbosco/Sources/KiCAD/uamp/UAMP-KiCAD-Plugins/log) by extension 'ignore'
[0.896s] Level 1:colcon.colcon_core.package_identification:_identify(/home/mbosco/Sources/KiCAD/uamp/UAMP-KiCAD-Plugins/log) ignored
[0.896s] Level 1:colcon.colcon_core.package_identification:_identify(/home/mbosco/Sources/KiCAD/uamp/UAMP-KiCAD-Plugins/scripting) by extensions ['ignore', 'ignore_ament_install']
[0.896s] Level 1:colcon.colcon_core.package_identification:_identify(/home/mbosco/Sources/KiCAD/uamp/UAMP-KiCAD-Plugins/scripting) by extension 'ignore'
[0.896s] Level 1:colcon.colcon_core.package_identification:_identify(/home/mbosco/Sources/KiCAD/uamp/UAMP-KiCAD-Plugins/scripting) by extension 'ignore_ament_install'
[0.896s] Level 1:colcon.colcon_core.package_identification:_identify(/home/mbosco/Sources/KiCAD/uamp/UAMP-KiCAD-Plugins/scripting) by extensions ['colcon_pkg']
[0.896s] Level 1:colcon.colcon_core.package_identification:_identify(/home/mbosco/Sources/KiCAD/uamp/UAMP-KiCAD-Plugins/scripting) by extension 'colcon_pkg'
[0.896s] Level 1:colcon.colcon_core.package_identification:_identify(/home/mbosco/Sources/KiCAD/uamp/UAMP-KiCAD-Plugins/scripting) by extensions ['colcon_meta']
[0.896s] Level 1:colcon.colcon_core.package_identification:_identify(/home/mbosco/Sources/KiCAD/uamp/UAMP-KiCAD-Plugins/scripting) by extension 'colcon_meta'
[0.896s] Level 1:colcon.colcon_core.package_identification:_identify(/home/mbosco/Sources/KiCAD/uamp/UAMP-KiCAD-Plugins/scripting) by extensions ['ros']
[0.896s] Level 1:colcon.colcon_core.package_identification:_identify(/home/mbosco/Sources/KiCAD/uamp/UAMP-KiCAD-Plugins/scripting) by extension 'ros'
[0.897s] Level 1:colcon.colcon_core.package_identification:_identify(/home/mbosco/Sources/KiCAD/uamp/UAMP-KiCAD-Plugins/scripting) by extensions ['cmake', 'python']
[0.897s] Level 1:colcon.colcon_core.package_identification:_identify(/home/mbosco/Sources/KiCAD/uamp/UAMP-KiCAD-Plugins/scripting) by extension 'cmake'
[0.897s] Level 1:colcon.colcon_core.package_identification:_identify(/home/mbosco/Sources/KiCAD/uamp/UAMP-KiCAD-Plugins/scripting) by extension 'python'
[0.897s] Level 1:colcon.colcon_core.package_identification:_identify(/home/mbosco/Sources/KiCAD/uamp/UAMP-KiCAD-Plugins/scripting) by extensions ['python_setup_py']
[0.897s] Level 1:colcon.colcon_core.package_identification:_identify(/home/mbosco/Sources/KiCAD/uamp/UAMP-KiCAD-Plugins/scripting) by extension 'python_setup_py'
[0.897s] Level 1:colcon.colcon_core.package_identification:_identify(/home/mbosco/Sources/KiCAD/uamp/UAMP-KiCAD-Plugins/scripting/plugins) by extensions ['ignore', 'ignore_ament_install']
[0.897s] Level 1:colcon.colcon_core.package_identification:_identify(/home/mbosco/Sources/KiCAD/uamp/UAMP-KiCAD-Plugins/scripting/plugins) by extension 'ignore'
[0.898s] Level 1:colcon.colcon_core.package_identification:_identify(/home/mbosco/Sources/KiCAD/uamp/UAMP-KiCAD-Plugins/scripting/plugins) by extension 'ignore_ament_install'
[0.898s] Level 1:colcon.colcon_core.package_identification:_identify(/home/mbosco/Sources/KiCAD/uamp/UAMP-KiCAD-Plugins/scripting/plugins) by extensions ['colcon_pkg']
[0.898s] Level 1:colcon.colcon_core.package_identification:_identify(/home/mbosco/Sources/KiCAD/uamp/UAMP-KiCAD-Plugins/scripting/plugins) by extension 'colcon_pkg'
[0.898s] Level 1:colcon.colcon_core.package_identification:_identify(/home/mbosco/Sources/KiCAD/uamp/UAMP-KiCAD-Plugins/scripting/plugins) by extensions ['colcon_meta']
[0.898s] Level 1:colcon.colcon_core.package_identification:_identify(/home/mbosco/Sources/KiCAD/uamp/UAMP-KiCAD-Plugins/scripting/plugins) by extension 'colcon_meta'
[0.898s] Level 1:colcon.colcon_core.package_identification:_identify(/home/mbosco/Sources/KiCAD/uamp/UAMP-KiCAD-Plugins/scripting/plugins) by extensions ['ros']
[0.898s] Level 1:colcon.colcon_core.package_identification:_identify(/home/mbosco/Sources/KiCAD/uamp/UAMP-KiCAD-Plugins/scripting/plugins) by extension 'ros'
[0.898s] Level 1:colcon.colcon_core.package_identification:_identify(/home/mbosco/Sources/KiCAD/uamp/UAMP-KiCAD-Plugins/scripting/plugins) by extensions ['cmake', 'python']
[0.898s] Level 1:colcon.colcon_core.package_identification:_identify(/home/mbosco/Sources/KiCAD/uamp/UAMP-KiCAD-Plugins/scripting/plugins) by extension 'cmake'
[0.898s] Level 1:colcon.colcon_core.package_identification:_identify(/home/mbosco/Sources/KiCAD/uamp/UAMP-KiCAD-Plugins/scripting/plugins) by extension 'python'
[0.899s] Level 1:colcon.colcon_core.package_identification:_identify(/home/mbosco/Sources/KiCAD/uamp/UAMP-KiCAD-Plugins/scripting/plugins) by extensions ['python_setup_py']
[0.899s] Level 1:colcon.colcon_core.package_identification:_identify(/home/mbosco/Sources/KiCAD/uamp/UAMP-KiCAD-Plugins/scripting/plugins) by extension 'python_setup_py'
[0.899s] Level 1:colcon.colcon_core.package_discovery:discover_packages(recursive) using defaults
